0 info it worked if it ends with ok
1 verbose cli [ '/Users/masatoshi.koeda/.nvm/versions/node/v7.5.0/bin/node',
1 verbose cli   '/Users/masatoshi.koeda/.nvm/versions/node/v7.5.0/bin/npm',
1 verbose cli   'run',
1 verbose cli   'dev' ]
2 info using npm@4.1.2
3 info using node@v7.5.0
4 verbose run-script [ 'predev', 'dev', 'postdev' ]
5 info lifecycle ng.calculator@1.0.0~predev: ng.calculator@1.0.0
6 silly lifecycle ng.calculator@1.0.0~predev: no script for predev, continuing
7 info lifecycle ng.calculator@1.0.0~dev: ng.calculator@1.0.0
8 verbose lifecycle ng.calculator@1.0.0~dev: unsafe-perm in lifecycle true
9 verbose lifecycle ng.calculator@1.0.0~dev: PATH: /Users/masatoshi.koeda/.nvm/versions/node/v7.5.0/lib/node_modules/npm/bin/node-gyp-bin:/Users/masatoshi.koeda/.ghq/github.com/bizreach/biz-matching/ng.calculator/node_modules/.bin:/Users/masatoshi.koeda/.nvm/versions/node/v7.5.0/bin:/Users/masatoshi.koeda/.zplug/bin:/usr/local/bin:/usr/bin:/bin:/usr/sbin:/sbin:/opt/X11/bin:/usr/local/go/bin:/Users/masatoshi.koeda/apache-maven-3.2.5/bin
10 verbose lifecycle ng.calculator@1.0.0~dev: CWD: /Users/masatoshi.koeda/.ghq/github.com/bizreach/biz-matching/ng.calculator
11 silly lifecycle ng.calculator@1.0.0~dev: Args: [ '-c', 'webpack-dev-server --config=config/webpack.config.js' ]
12 silly lifecycle ng.calculator@1.0.0~dev: Returned: code: 1  signal: null
13 info lifecycle ng.calculator@1.0.0~dev: Failed to exec dev script
14 verbose stack Error: ng.calculator@1.0.0 dev: `webpack-dev-server --config=config/webpack.config.js`
14 verbose stack Exit status 1
14 verbose stack     at EventEmitter.<anonymous> (/Users/masatoshi.koeda/.nvm/versions/node/v7.5.0/lib/node_modules/npm/lib/utils/lifecycle.js:279:16)
14 verbose stack     at emitTwo (events.js:106:13)
14 verbose stack     at EventEmitter.emit (events.js:192:7)
14 verbose stack     at ChildProcess.<anonymous> (/Users/masatoshi.koeda/.nvm/versions/node/v7.5.0/lib/node_modules/npm/lib/utils/spawn.js:40:14)
14 verbose stack     at emitTwo (events.js:106:13)
14 verbose stack     at ChildProcess.emit (events.js:192:7)
14 verbose stack     at maybeClose (internal/child_process.js:890:16)
14 verbose stack     at Process.ChildProcess._handle.onexit (internal/child_process.js:226:5)
15 verbose pkgid ng.calculator@1.0.0
16 verbose cwd /Users/masatoshi.koeda/.ghq/github.com/bizreach/biz-matching/ng.calculator
17 error Darwin 14.5.0
18 error argv "/Users/masatoshi.koeda/.nvm/versions/node/v7.5.0/bin/node" "/Users/masatoshi.koeda/.nvm/versions/node/v7.5.0/bin/npm" "run" "dev"
19 error node v7.5.0
20 error npm  v4.1.2
21 error code ELIFECYCLE
22 error ng.calculator@1.0.0 dev: `webpack-dev-server --config=config/webpack.config.js`
22 error Exit status 1
23 error Failed at the ng.calculator@1.0.0 dev script 'webpack-dev-server --config=config/webpack.config.js'.
23 error Make sure you have the latest version of node.js and npm installed.
23 error If you do, this is most likely a problem with the ng.calculator package,
23 error not with npm itself.
23 error Tell the author that this fails on your system:
23 error     webpack-dev-server --config=config/webpack.config.js
23 error You can get information on how to open an issue for this project with:
23 error     npm bugs ng.calculator
23 error Or if that isn't available, you can get their info via:
23 error     npm owner ls ng.calculator
23 error There is likely additional logging output above.
24 verbose exit [ 1, true ]
